2017/02/20 02:51:43 heroku-cli/5.6.22-f9f7585 (linux-amd64) go1.7.5 /home/ubuntu/.local/share/heroku/cli/bin/heroku cmd: version
2017/02/20 02:51:43 triggering background update
2017/02/20 02:51:43 heroku-cli/5.6.22-f9f7585 (linux-amd64) go1.7.5 /home/ubuntu/.local/share/heroku/cli/bin/heroku cmd: update
2017/02/20 02:51:43 heroku-cli/5.6.22-f9f7585 (linux-amd64) go1.7.5 /home/ubuntu/.local/share/heroku/cli/bin/heroku cmd: commands
2017/02/20 02:51:43 heroku-cli: Updating plugins...
2017/02/20 02:51:43  done
2017/07/17 13:41:14 heroku-cli/5.6.22-f9f7585 (linux-amd64) go1.7.5 /home/ubuntu/.local/share/heroku/cli/bin/heroku cmd: version
2017/07/17 13:41:14 triggering background update
2017/07/17 13:41:14 heroku-cli/5.6.22-f9f7585 (linux-amd64) go1.7.5 /home/ubuntu/.local/share/heroku/cli/bin/heroku cmd: update
2017/07/17 13:41:14 heroku-cli/5.6.22-f9f7585 (linux-amd64) go1.7.5 /home/ubuntu/.local/share/heroku/cli/bin/heroku cmd: commands
2017/07/17 13:41:14 heroku-cli/5.6.22-f9f7585 (linux-amd64) go1.7.5 /home/ubuntu/.local/share/heroku/cli/bin/heroku cmd: login
2017/07/17 13:41:14 Email: 
2017/07/17 13:41:14 heroku-cli: Updating to 5.12.0-0ab8352...
2017/07/17 13:41:28  ▸    rename /home/ubuntu/.local/share/heroku/cli /home/ubuntu/.local/share/heroku/tmp/758761555/heroku: invalid cross-device link
2017/07/17 13:41:28 rename /home/ubuntu/.local/share/heroku/cli /home/ubuntu/.local/share/heroku/tmp/758761555/heroku: invalid cross-device link

/home/ubuntu/.go_workspace/src/github.com/heroku/cli/io.go:328 (0x415730)
/usr/local/go/src/runtime/asm_amd64.s:479 (0x47eaac)
/usr/local/go/src/runtime/panic.go:458 (0x451353)
/home/ubuntu/.go_workspace/src/github.com/heroku/cli/io.go:184 (0x41485c)
/home/ubuntu/.go_workspace/src/github.com/heroku/cli/update.go:110 (0x4206cf)
/home/ubuntu/.go_workspace/src/github.com/heroku/cli/update.go:73 (0x41fc0b)
/home/ubuntu/.go_workspace/src/github.com/heroku/cli/update.go:50 (0x41f98e)
/home/ubuntu/.go_workspace/src/github.com/heroku/cli/update.go:33 (0x4244aa)
/home/ubuntu/.go_workspace/src/github.com/heroku/cli/start.go:70 (0x41ddde)
/home/ubuntu/.go_workspace/src/github.com/heroku/cli/main.go:22 (0x41656a)
/usr/local/go/src/runtime/proc.go:183 (0x453024)
/usr/local/go/src/runtime/asm_amd64.s:2086 (0x4815f1)

2017/07/17 13:41:30  ▸    HTTP Error: https://api.heroku.com/login 410 Gone
2017/07/17 13:41:30 HTTP Error: https://api.heroku.com/login 410 Gone

/home/ubuntu/.go_workspace/src/github.com/heroku/cli/http.go:170 (0x413457)
/home/ubuntu/.go_workspace/src/github.com/heroku/cli/auth.go:337 (0x40456e)
/home/ubuntu/.go_workspace/src/github.com/heroku/cli/auth.go:261 (0x403ba7)
/home/ubuntu/.go_workspace/src/github.com/heroku/cli/auth.go:208 (0x403322)
/home/ubuntu/.go_workspace/src/github.com/heroku/cli/start.go:70 (0x41ddde)
/home/ubuntu/.go_workspace/src/github.com/heroku/cli/main.go:22 (0x41656a)
/usr/local/go/src/runtime/proc.go:183 (0x453024)
/usr/local/go/src/runtime/asm_amd64.s:2086 (0x4815f1)

2017/07/17 13:41:30  ▸    Invalid response from API.
 ▸    HTTP 410
 ▸    {alexander.corcoran@ymail.com Imperial82!}
 ▸    
 ▸    Are you behind a proxy?
 ▸    https://devcenter.heroku.com/articles/using-the-cli#using-an-http-proxy
2017/07/17 13:42:31 heroku-cli/5.12.0-0ab8352 (linux-amd64) go1.7.5 /home/ubuntu/.local/share/heroku/cli/bin/heroku cmd: version
2017/07/17 13:42:31 heroku-cli/5.12.0-0ab8352 (linux-amd64) go1.7.5 /home/ubuntu/.local/share/heroku/cli/bin/heroku cmd: commands
2017/07/17 13:42:31 heroku-cli/5.12.0-0ab8352 (linux-amd64) go1.7.5 /home/ubuntu/.local/share/heroku/cli/bin/heroku cmd: login
2017/07/17 13:45:16 heroku-cli/5.12.0-0ab8352 (linux-amd64) go1.7.5 /home/ubuntu/.local/share/heroku/cli/bin/heroku cmd: version
2017/07/17 13:45:16 heroku-cli/5.12.0-0ab8352 (linux-amd64) go1.7.5 /home/ubuntu/.local/share/heroku/cli/bin/heroku cmd: commands
2017/07/17 13:45:16 heroku-cli/5.12.0-0ab8352 (linux-amd64) go1.7.5 /home/ubuntu/.local/share/heroku/cli/bin/heroku cmd: version
2017/07/17 13:45:16 heroku-cli/5.12.0-0ab8352 (linux-amd64) go1.7.5 /home/ubuntu/.local/share/heroku/cli/bin/heroku cmd: plugins
2017/07/17 13:48:09 heroku-cli/5.12.0-0ab8352 (linux-amd64) go1.7.5 /home/ubuntu/.local/share/heroku/cli/bin/heroku cmd: version
2017/07/17 13:48:09 heroku-cli/5.12.0-0ab8352 (linux-amd64) go1.7.5 /home/ubuntu/.local/share/heroku/cli/bin/heroku cmd: commands
2017/07/17 13:48:09 heroku-cli/5.12.0-0ab8352 (linux-amd64) go1.7.5 /home/ubuntu/.local/share/heroku/cli/bin/heroku cmd: create
2017/07/17 13:48:09  ▸    Error: Unexpected argument project
 ▸    Usage: heroku create [APP]
 ▸    You gave this command too many arguments. Try the command again without these extra arguments.
 ▸    
 ▸    See more information with heroku create --help
2017/07/17 13:48:15 heroku-cli/5.12.0-0ab8352 (linux-amd64) go1.7.5 /home/ubuntu/.local/share/heroku/cli/bin/heroku cmd: version
2017/07/17 13:48:15 heroku-cli/5.12.0-0ab8352 (linux-amd64) go1.7.5 /home/ubuntu/.local/share/heroku/cli/bin/heroku cmd: commands
2017/07/17 13:48:16 heroku-cli/5.12.0-0ab8352 (linux-amd64) go1.7.5 /home/ubuntu/.local/share/heroku/cli/bin/heroku cmd: create
2017/07/17 13:48:17 Error: Expected response to be successful, got 422
    at Request.handleFailure [as _handleFailure] (/home/ubuntu/.local/share/heroku/cli/lib/node_modules/heroku-client/lib/request.js:241:11)
    at Request.<anonymous> (/home/ubuntu/.local/share/heroku/cli/lib/node_modules/heroku-cli-util/lib/command.js:56:12)
    at concat.then (/home/ubuntu/.local/share/heroku/cli/lib/node_modules/heroku-client/lib/request.js:135:16)
    at process._tickCallback (internal/process/next_tick.js:109:7)
2017/07/17 13:48:17 {"id":"invalid_params","message":"Name must start with a letter and can only contain lowercase letters, numbers, and dashes."}
2017/07/17 13:48:27 heroku-cli/5.12.0-0ab8352 (linux-amd64) go1.7.5 /home/ubuntu/.local/share/heroku/cli/bin/heroku cmd: version
2017/07/17 13:48:27 heroku-cli/5.12.0-0ab8352 (linux-amd64) go1.7.5 /home/ubuntu/.local/share/heroku/cli/bin/heroku cmd: commands
2017/07/17 13:48:27 heroku-cli/5.12.0-0ab8352 (linux-amd64) go1.7.5 /home/ubuntu/.local/share/heroku/cli/bin/heroku cmd: create
2017/07/17 13:48:28 Error: Expected response to be successful, got 422
    at Request.handleFailure [as _handleFailure] (/home/ubuntu/.local/share/heroku/cli/lib/node_modules/heroku-client/lib/request.js:241:11)
    at Request.<anonymous> (/home/ubuntu/.local/share/heroku/cli/lib/node_modules/heroku-cli-util/lib/command.js:56:12)
    at concat.then (/home/ubuntu/.local/share/heroku/cli/lib/node_modules/heroku-client/lib/request.js:135:16)
    at process._tickCallback (internal/process/next_tick.js:109:7)
2017/07/17 13:48:28 {"id":"invalid_params","message":"Name is already taken"}
2017/07/17 13:48:37 heroku-cli/5.12.0-0ab8352 (linux-amd64) go1.7.5 /home/ubuntu/.local/share/heroku/cli/bin/heroku cmd: version
2017/07/17 13:48:37 heroku-cli/5.12.0-0ab8352 (linux-amd64) go1.7.5 /home/ubuntu/.local/share/heroku/cli/bin/heroku cmd: commands
2017/07/17 13:48:37 heroku-cli/5.12.0-0ab8352 (linux-amd64) go1.7.5 /home/ubuntu/.local/share/heroku/cli/bin/heroku cmd: create
